# JRE version: Java(TM) SE Runtime Environment (8.0_60-b27) (build 1.8.0_60-b27)
# Java VM: Java HotSpot(TM) 64-Bit Server VM (25.60-b23 mixed mode linux-amd64 compressed oops)
Heap:
 PSYoungGen      total 551424K, used 832K [0x00000000d6600000, 0x00000000f8b00000, 0x0000000100000000)
  eden space 540672K, 0% used [0x00000000d6600000,0x00000000d6600000,0x00000000f7600000)
  from space 10752K, 7% used [0x00000000f7600000,0x00000000f76d0388,0x00000000f8080000)
  to   space 2048K, 0% used [0x00000000f8900000,0x00000000f8900000,0x00000000f8b00000)
 ParOldGen       total 86016K, used 17992K [0x0000000083200000, 0x0000000088600000, 0x00000000d6600000)
  object space 86016K, 20% used [0x0000000083200000,0x0000000084392240,0x0000000088600000)
 Metaspace       used 37001K, capacity 37276K, committed 37632K, reserved 1081344K
  class space    used 5162K, capacity 5258K, committed 5376K, reserved 1048576K
GC Heap History (10 events):
Event: 7.906 GC heap after
Heap after GC invocations=16 (full 2):
 PSYoungGen      total 333824K, used 0K [0x00000000d6600000, 0x00000000ebc80000, 0x0000000100000000)
  eden space 325120K, 0% used [0x00000000d6600000,0x00000000d6600000,0x00000000ea380000)
  from space 8704K, 0% used [0x00000000eaf80000,0x00000000eaf80000,0x00000000eb800000)
  to   space 12288K, 0% used [0x00000000ea380000,0x00000000ea380000,0x00000000eaf80000)
 ParOldGen       total 86016K, used 16979K [0x0000000083200000, 0x0000000088600000, 0x00000000d6600000)
  object space 86016K, 19% used [0x0000000083200000,0x0000000084294eb0,0x0000000088600000)
 Metaspace       used 34870K, capacity 35098K, committed 35416K, reserved 1079296K
  class space    used 4951K, capacity 5055K, committed 5120K, reserved 1048576K
}
Event: 9.606 GC heap before
{Heap before GC invocations=17 (full 2):
 PSYoungGen      total 333824K, used 325120K [0x00000000d6600000, 0x00000000ebc80000, 0x0000000100000000)
  eden space 325120K, 100% used [0x00000000d6600000,0x00000000ea380000,0x00000000ea380000)
  from space 8704K, 0% used [0x00000000eaf80000,0x00000000eaf80000,0x00000000eb800000)
  to   space 12288K, 0% used [0x00000000ea380000,0x00000000ea380000,0x00000000eaf80000)
 ParOldGen       total 86016K, used 16979K [0x0000000083200000, 0x0000000088600000, 0x00000000d6600000)
  object space 86016K, 19% used [0x0000000083200000,0x0000000084294eb0,0x0000000088600000)
 Metaspace       used 35951K, capacity 36248K, committed 36736K, reserved 1081344K
  class space    used 5052K, capacity 5156K, committed 5248K, reserved 1048576K
Event: 9.609 GC heap after
Heap after GC invocations=17 (full 2):
 PSYoungGen      total 337408K, used 736K [0x00000000d6600000, 0x00000000f3600000, 0x0000000100000000)
  eden space 325120K, 0% used [0x00000000d6600000,0x00000000d6600000,0x00000000ea380000)
  from space 12288K, 5% used [0x00000000ea380000,0x00000000ea438388,0x00000000eaf80000)
  to   space 11776K, 0% used [0x00000000f2a80000,0x00000000f2a80000,0x00000000f3600000)
 ParOldGen       total 86016K, used 16987K [0x0000000083200000, 0x0000000088600000, 0x00000000d6600000)
  object space 86016K, 19% used [0x0000000083200000,0x0000000084296eb0,0x0000000088600000)
 Metaspace       used 35951K, capacity 36248K, committed 36736K, reserved 1081344K
  class space    used 5052K, capacity 5156K, committed 5248K, reserved 1048576K
}
Event: 9.730 GC heap before
{Heap before GC invocations=18 (full 2):
 PSYoungGen      total 337408K, used 325856K [0x00000000d6600000, 0x00000000f3600000, 0x0000000100000000)
  eden space 325120K, 100% used [0x00000000d6600000,0x00000000ea380000,0x00000000ea380000)
  from space 12288K, 5% used [0x00000000ea380000,0x00000000ea438388,0x00000000eaf80000)
  to   space 11776K, 0% used [0x00000000f2a80000,0x00000000f2a80000,0x00000000f3600000)
 ParOldGen       total 86016K, used 16987K [0x0000000083200000, 0x0000000088600000, 0x00000000d6600000)
  object space 86016K, 19% used [0x0000000083200000,0x0000000084296eb0,0x0000000088600000)
 Metaspace       used 35951K, capacity 36248K, committed 36736K, reserved 1081344K
  class space    used 5052K, capacity 5156K, committed 5248K, reserved 1048576K
Event: 9.733 GC heap after
Heap after GC invocations=18 (full 2):
 PSYoungGen      total 454144K, used 96K [0x00000000d6600000, 0x00000000f3100000, 0x0000000100000000)
  eden space 447488K, 0% used [0x00000000d6600000,0x00000000d6600000,0x00000000f1b00000)
  from space 6656K, 1% used [0x00000000f2a80000,0x00000000f2a98000,0x00000000f3100000)
  to   space 11264K, 0% used [0x00000000f1b00000,0x00000000f1b00000,0x00000000f2600000)
 ParOldGen       total 86016K, used 17471K [0x0000000083200000, 0x0000000088600000, 0x00000000d6600000)
  object space 86016K, 20% used [0x0000000083200000,0x000000008430fe88,0x0000000088600000)
 Metaspace       used 35951K, capacity 36248K, committed 36736K, reserved 1081344K
  class space    used 5052K, capacity 5156K, committed 5248K, reserved 1048576K
}
Event: 10.279 GC heap before
{Heap before GC invocations=19 (full 2):
 PSYoungGen      total 454144K, used 447584K [0x00000000d6600000, 0x00000000f3100000, 0x0000000100000000)
  eden space 447488K, 100% used [0x00000000d6600000,0x00000000f1b00000,0x00000000f1b00000)
  from space 6656K, 1% used [0x00000000f2a80000,0x00000000f2a98000,0x00000000f3100000)
  to   space 11264K, 0% used [0x00000000f1b00000,0x00000000f1b00000,0x00000000f2600000)
 ParOldGen       total 86016K, used 17471K [0x0000000083200000, 0x0000000088600000, 0x00000000d6600000)
  object space 86016K, 20% used [0x0000000083200000,0x000000008430fe88,0x0000000088600000)
 Metaspace       used 36132K, capacity 36406K, committed 36736K, reserved 1081344K
  class space    used 5075K, capacity 5161K, committed 5248K, reserved 1048576K
Event: 10.281 GC heap after
Heap after GC invocations=19 (full 2):
 PSYoungGen      total 458752K, used 512K [0x00000000d6600000, 0x00000000f9400000, 0x0000000100000000)
  eden space 447488K, 0% used [0x00000000d6600000,0x00000000d6600000,0x00000000f1b00000)
  from space 11264K, 4% used [0x00000000f1b00000,0x00000000f1b80388,0x00000000f2600000)
  to   space 11264K, 0% used [0x00000000f8900000,0x00000000f8900000,0x00000000f9400000)
 ParOldGen       total 86016K, used 17511K [0x0000000083200000, 0x0000000088600000, 0x00000000d6600000)
  object space 86016K, 20% used [0x0000000083200000,0x0000000084319e88,0x0000000088600000)
 Metaspace       used 36132K, capacity 36406K, committed 36736K, reserved 1081344K
  class space    used 5075K, capacity 5161K, committed 5248K, reserved 1048576K
}
Event: 10.402 GC heap before
{Heap before GC invocations=20 (full 2):
 PSYoungGen      total 458752K, used 448000K [0x00000000d6600000, 0x00000000f9400000, 0x0000000100000000)
  eden space 447488K, 100% used [0x00000000d6600000,0x00000000f1b00000,0x00000000f1b00000)
  from space 11264K, 4% used [0x00000000f1b00000,0x00000000f1b80388,0x00000000f2600000)
  to   space 11264K, 0% used [0x00000000f8900000,0x00000000f8900000,0x00000000f9400000)
 ParOldGen       total 86016K, used 17511K [0x0000000083200000, 0x0000000088600000, 0x00000000d6600000)
  object space 86016K, 20% used [0x0000000083200000,0x0000000084319e88,0x0000000088600000)
 Metaspace       used 36132K, capacity 36406K, committed 36736K, reserved 1081344K
  class space    used 5075K, capacity 5161K, committed 5248K, reserved 1048576K
Event: 10.441 GC heap after
Heap after GC invocations=20 (full 2):
 PSYoungGen      total 542720K, used 96K [0x00000000d6600000, 0x00000000f8b00000, 0x0000000100000000)
  eden space 540672K, 0% used [0x00000000d6600000,0x00000000d6600000,0x00000000f7600000)
  from space 2048K, 4% used [0x00000000f8900000,0x00000000f8918000,0x00000000f8b00000)
  to   space 10752K, 0% used [0x00000000f7600000,0x00000000f7600000,0x00000000f8080000)
 ParOldGen       total 86016K, used 17928K [0x0000000083200000, 0x0000000088600000, 0x00000000d6600000)
  object space 86016K, 20% used [0x0000000083200000,0x0000000084382240,0x0000000088600000)
 Metaspace       used 36132K, capacity 36406K, committed 36736K, reserved 1081344K
  class space    used 5075K, capacity 5161K, committed 5248K, reserved 1048576K
}
Event: 13.804 GC heap before
{Heap before GC invocations=21 (full 2):
 PSYoungGen      total 542720K, used 540768K [0x00000000d6600000, 0x00000000f8b00000, 0x0000000100000000)
  eden space 540672K, 100% used [0x00000000d6600000,0x00000000f7600000,0x00000000f7600000)
  from space 2048K, 4% used [0x00000000f8900000,0x00000000f8918000,0x00000000f8b00000)
  to   space 10752K, 0% used [0x00000000f7600000,0x00000000f7600000,0x00000000f8080000)
 ParOldGen       total 86016K, used 17928K [0x0000000083200000, 0x0000000088600000, 0x00000000d6600000)
  object space 86016K, 20% used [0x0000000083200000,0x0000000084382240,0x0000000088600000)
 Metaspace       used 37001K, capacity 37276K, committed 37632K, reserved 1081344K
  class space    used 5162K, capacity 5258K, committed 5376K, reserved 1048576K

